<?xml version="1.0" encoding="UTF-8"?>
<testng-results ignored="0" total="1" passed="1" failed="0" skipped="0">
  <reporter-output>
  </reporter-output>
  <suite started-at="2022-09-23T10:48:33 IST" name="Default suite" finished-at="2022-09-23T10:48:34 IST" duration-ms="1126">
    <groups>
    </groups>
    <test started-at="2022-09-23T10:48:33 IST" name="Default test" finished-at="2022-09-23T10:48:34 IST" duration-ms="1126">
      <class name="CRUD_operation.CreateProjectTest">
        <test-method signature="createProjectTest()[pri:0, instance:CRUD_operation.CreateProjectTest@34f5090e]" started-at="2022-09-23T10:48:33 IST" name="createProjectTest" finished-at="2022-09-23T10:48:34 IST" duration-ms="1104" status="PASS">
          <reporter-output>
          </reporter-output>
        </test-method> <!-- createProjectTest -->
      </class> <!-- CRUD_operation.CreateProjectTest -->
    </test> <!-- Default test -->
  </suite> <!-- Default suite -->
</testng-results>
